{
  "stats": {
    "suites": 5,
    "tests": 7,
    "passes": 7,
    "pending": 0,
    "failures": 0,
    "start": "2025-01-28T13:06:38.469Z",
    "end": "2025-01-28T13:06:47.067Z",
    "duration": 8598,
    "testsRegistered": 7,
    "passPercent": 100,
    "pendingPercent": 0,
    "other": 0,
    "hasOther": false,
    "skipped": 0,
    "hasSkipped": false
  },
  "results": [
    {
      "uuid": "bbc2dc6f-a5ae-4211-b61f-b0704bbd0a56",
      "title": "",
      "fullFile": "cypress\\e2e\\Aula2_Exercicios.cy.js",
      "file": "cypress\\e2e\\Aula2_Exercicios.cy.js",
      "beforeHooks": [],
      "afterHooks": [],
      "tests": [],
      "suites": [
        {
          "uuid": "3a3d3618-6d4f-4f7b-944d-31533ec23a13",
          "title": "Cadastro de usuários - Fluxos alternativos",
          "fullFile": "",
          "file": "",
          "beforeHooks": [],
          "afterHooks": [],
          "tests": [
            {
              "title": "Cadastro de usuário - Dados em branco",
              "fullTitle": "Cadastro de usuários - Fluxos alternativos Cadastro de usuário - Dados em branco",
              "timedOut": null,
              "duration": 1954,
              "state": "passed",
              "speed": "fast",
              "pass": true,
              "fail": false,
              "pending": false,
              "context": null,
              "code": "cy.get('#email').type('john.doe@email.com');\ncy.get('#pass').type('Bella123456');\ncy.get('button').click();",
              "err": {},
              "uuid": "2066ef99-de0b-40a2-a280-07ee6a3553fe",
              "parentUUID": "3a3d3618-6d4f-4f7b-944d-31533ec23a13",
              "isHook": false,
              "skipped": false
            }
          ],
          "suites": [],
          "passes": [
            "2066ef99-de0b-40a2-a280-07ee6a3553fe"
          ],
          "failures": [],
          "pending": [],
          "skipped": [],
          "duration": 1954,
          "root": false,
          "rootEmpty": false,
          "_timeout": 2000
        },
        {
          "uuid": "644764bf-17d9-4ab4-9dbc-78ad004edad2",
          "title": "Acesso a página principal",
          "fullFile": "",
          "file": "",
          "beforeHooks": [],
          "afterHooks": [],
          "tests": [
            {
              "title": "Validar texto do título",
              "fullTitle": "Acesso a página principal Validar texto do título",
              "timedOut": null,
              "duration": 92,
              "state": "passed",
              "speed": "fast",
              "pass": true,
              "fail": false,
              "pending": false,
              "context": null,
              "code": "cy.title().should('eq', 'AdoPet');",
              "err": {},
              "uuid": "4e69e609-eca9-4300-b225-8c666698100d",
              "parentUUID": "644764bf-17d9-4ab4-9dbc-78ad004edad2",
              "isHook": false,
              "skipped": false
            }
          ],
          "suites": [],
          "passes": [
            "4e69e609-eca9-4300-b225-8c666698100d"
          ],
          "failures": [],
          "pending": [],
          "skipped": [],
          "duration": 92,
          "root": false,
          "rootEmpty": false,
          "_timeout": 2000
        },
        {
          "uuid": "66d59f61-46d6-4460-bcef-afdd4bae956a",
          "title": "Teste quem ama adota",
          "fullFile": "",
          "file": "",
          "beforeHooks": [],
          "afterHooks": [],
          "tests": [
            {
              "title": "Verifica mensagem de texto",
              "fullTitle": "Teste quem ama adota Verifica mensagem de texto",
              "timedOut": null,
              "duration": 335,
              "state": "passed",
              "speed": "fast",
              "pass": true,
              "fail": false,
              "pending": false,
              "context": null,
              "code": "cy.contains('p', 'Quem ama adota!').should('be.visible');",
              "err": {},
              "uuid": "b0e3b206-3811-4d07-9a59-4025f54e74de",
              "parentUUID": "66d59f61-46d6-4460-bcef-afdd4bae956a",
              "isHook": false,
              "skipped": false
            },
            {
              "title": "Verifica mensagem de texto",
              "fullTitle": "Teste quem ama adota Verifica mensagem de texto",
              "timedOut": null,
              "duration": 500,
              "state": "passed",
              "speed": "fast",
              "pass": true,
              "fail": false,
              "pending": false,
              "context": null,
              "code": "cy.contains('p', 'Adotar pode mudar uma vida. Que tal buscar seu novo melhor amigo hoje? Vem com a gente!').should('be.visible');",
              "err": {},
              "uuid": "547240ad-d618-4210-b2f5-32ae7e5faa0a",
              "parentUUID": "66d59f61-46d6-4460-bcef-afdd4bae956a",
              "isHook": false,
              "skipped": false
            }
          ],
          "suites": [],
          "passes": [
            "b0e3b206-3811-4d07-9a59-4025f54e74de",
            "547240ad-d618-4210-b2f5-32ae7e5faa0a"
          ],
          "failures": [],
          "pending": [],
          "skipped": [],
          "duration": 835,
          "root": false,
          "rootEmpty": false,
          "_timeout": 2000
        },
        {
          "uuid": "4602e5f3-0aec-4432-b40d-66ade5b79d0a",
          "title": "Teste quem ama adota",
          "fullFile": "",
          "file": "",
          "beforeHooks": [],
          "afterHooks": [],
          "tests": [
            {
              "title": "Verifica mensagem de texto",
              "fullTitle": "Teste quem ama adota Verifica mensagem de texto",
              "timedOut": null,
              "duration": 159,
              "state": "passed",
              "speed": "fast",
              "pass": true,
              "fail": false,
              "pending": false,
              "context": null,
              "code": "cy.contains('p', 'Quem ama adota!').should('be.visible');",
              "err": {},
              "uuid": "af5ad202-855e-4fd8-9aa2-747c657d4a61",
              "parentUUID": "4602e5f3-0aec-4432-b40d-66ade5b79d0a",
              "isHook": false,
              "skipped": false
            },
            {
              "title": "Verifica mensagem de texto",
              "fullTitle": "Teste quem ama adota Verifica mensagem de texto",
              "timedOut": null,
              "duration": 255,
              "state": "passed",
              "speed": "fast",
              "pass": true,
              "fail": false,
              "pending": false,
              "context": null,
              "code": "cy.contains('p', 'Adotar pode mudar uma vida. Que tal buscar seu novo melhor amigo hoje? Vem com a gente!').should('be.visible');",
              "err": {},
              "uuid": "39c4b6d2-239d-4d85-963c-6c724e2d8623",
              "parentUUID": "4602e5f3-0aec-4432-b40d-66ade5b79d0a",
              "isHook": false,
              "skipped": false
            }
          ],
          "suites": [],
          "passes": [
            "af5ad202-855e-4fd8-9aa2-747c657d4a61",
            "39c4b6d2-239d-4d85-963c-6c724e2d8623"
          ],
          "failures": [],
          "pending": [],
          "skipped": [],
          "duration": 414,
          "root": false,
          "rootEmpty": false,
          "_timeout": 2000
        },
        {
          "uuid": "c046b446-4985-44a5-ad42-d43c9ea2e9bb",
          "title": "Fluxo de Login",
          "fullFile": "",
          "file": "",
          "beforeHooks": [],
          "afterHooks": [],
          "tests": [
            {
              "title": "Verifica mensagem de texto",
              "fullTitle": "Fluxo de Login Verifica mensagem de texto",
              "timedOut": null,
              "duration": 1383,
              "state": "passed",
              "speed": "fast",
              "pass": true,
              "fail": false,
              "pending": false,
              "context": null,
              "code": "cy.get('.header__message').click();\ncy.get('[data-test=\"input-loginEmail\"]').type('ana@email.com');\ncy.get('[data-test=\"input-loginPassword\"]').type('Senha123');\ncy.get('[data-test=\"submit-button\"]').click();",
              "err": {},
              "uuid": "31c027f2-7240-46ff-8c31-95803b4146d9",
              "parentUUID": "c046b446-4985-44a5-ad42-d43c9ea2e9bb",
              "isHook": false,
              "skipped": false
            }
          ],
          "suites": [],
          "passes": [
            "31c027f2-7240-46ff-8c31-95803b4146d9"
          ],
          "failures": [],
          "pending": [],
          "skipped": [],
          "duration": 1383,
          "root": false,
          "rootEmpty": false,
          "_timeout": 2000
        }
      ],
      "passes": [],
      "failures": [],
      "pending": [],
      "skipped": [],
      "duration": 0,
      "root": true,
      "rootEmpty": true,
      "_timeout": 2000
    }
  ],
  "meta": {
    "mocha": {
      "version": "7.0.1"
    },
    "mochawesome": {
      "options": {
        "quiet": false,
        "reportFilename": "mochawesome",
        "saveHtml": true,
        "saveJson": true,
        "consoleReporter": "spec",
        "useInlineDiffs": false,
        "code": true
      },
      "version": "7.1.3"
    },
    "marge": {
      "options": {
        "reportDir": "cypress/results",
        "overwrite": "false",
        "html": "true",
        "json": "true",
        "timestamp": "mmddyyyy_HHMMss"
      },
      "version": "6.2.0"
    }
  }
}