{
  "stats": {
    "suites": 5,
    "tests": 6,
    "passes": 6,
    "pending": 0,
    "failures": 0,
    "start": "2025-01-28T13:06:09.625Z",
    "end": "2025-01-28T13:06:14.749Z",
    "duration": 5124,
    "testsRegistered": 6,
    "passPercent": 100,
    "pendingPercent": 0,
    "other": 0,
    "hasOther": false,
    "skipped": 0,
    "hasSkipped": false
  },
  "results": [
    {
      "uuid": "4d1555e4-62ea-4c7e-85bb-35325e2337d7",
      "title": "",
      "fullFile": "cypress\\e2e\\Aula1.cy.js",
      "file": "cypress\\e2e\\Aula1.cy.js",
      "beforeHooks": [],
      "afterHooks": [],
      "tests": [],
      "suites": [
        {
          "uuid": "43f39c83-26b9-4819-aeff-ac3840146314",
          "title": "Acesso á pagina inicial Adopet",
          "fullFile": "",
          "file": "",
          "beforeHooks": [],
          "afterHooks": [],
          "tests": [
            {
              "title": "steps do teste",
              "fullTitle": "Acesso á pagina inicial Adopet steps do teste",
              "timedOut": null,
              "duration": 722,
              "state": "passed",
              "speed": "fast",
              "pass": true,
              "fail": false,
              "pending": false,
              "context": null,
              "code": "cy.visit('https://adopet-tau.vercel.app/');",
              "err": {},
              "uuid": "c6e4d75b-8095-4297-bd82-8efb12a264c8",
              "parentUUID": "43f39c83-26b9-4819-aeff-ac3840146314",
              "isHook": false,
              "skipped": false
            }
          ],
          "suites": [],
          "passes": [
            "c6e4d75b-8095-4297-bd82-8efb12a264c8"
          ],
          "failures": [],
          "pending": [],
          "skipped": [],
          "duration": 722,
          "root": false,
          "rootEmpty": false,
          "_timeout": 2000
        },
        {
          "uuid": "487b1c39-5c6a-4b95-abab-a32d14a906c6",
          "title": "Visualizar pets disponíveis para adoção",
          "fullFile": "",
          "file": "",
          "beforeHooks": [],
          "afterHooks": [],
          "tests": [
            {
              "title": "steps do teste",
              "fullTitle": "Visualizar pets disponíveis para adoção steps do teste",
              "timedOut": null,
              "duration": 614,
              "state": "passed",
              "speed": "fast",
              "pass": true,
              "fail": false,
              "pending": false,
              "context": null,
              "code": "cy.visit('https://adopet-tau.vercel.app/');\ncy.contains('a', 'Ver pets disponíveis para adoção').click();",
              "err": {},
              "uuid": "f61d46c0-cc7f-4c60-8f00-ff30c2834c03",
              "parentUUID": "487b1c39-5c6a-4b95-abab-a32d14a906c6",
              "isHook": false,
              "skipped": false
            }
          ],
          "suites": [],
          "passes": [
            "f61d46c0-cc7f-4c60-8f00-ff30c2834c03"
          ],
          "failures": [],
          "pending": [],
          "skipped": [],
          "duration": 614,
          "root": false,
          "rootEmpty": false,
          "_timeout": 2000
        },
        {
          "uuid": "7b01d96f-1105-422a-95b7-86f6d2406e6d",
          "title": "Testar Header da página principal",
          "fullFile": "",
          "file": "",
          "beforeHooks": [],
          "afterHooks": [],
          "tests": [
            {
              "title": "Teste Home",
              "fullTitle": "Testar Header da página principal Teste Home",
              "timedOut": null,
              "duration": 204,
              "state": "passed",
              "speed": "fast",
              "pass": true,
              "fail": false,
              "pending": false,
              "context": null,
              "code": "cy.visit('https://adopet-tau.vercel.app/');\ncy.get('.header__home').click();",
              "err": {},
              "uuid": "ddc07698-f059-4ae0-947a-884b1facd875",
              "parentUUID": "7b01d96f-1105-422a-95b7-86f6d2406e6d",
              "isHook": false,
              "skipped": false
            },
            {
              "title": "Teste Mensagem",
              "fullTitle": "Testar Header da página principal Teste Mensagem",
              "timedOut": null,
              "duration": 220,
              "state": "passed",
              "speed": "fast",
              "pass": true,
              "fail": false,
              "pending": false,
              "context": null,
              "code": "cy.visit('https://adopet-tau.vercel.app/');\ncy.get('.header__message').click();",
              "err": {},
              "uuid": "ea698152-ca3b-425f-b0c8-79680cbfcb19",
              "parentUUID": "7b01d96f-1105-422a-95b7-86f6d2406e6d",
              "isHook": false,
              "skipped": false
            }
          ],
          "suites": [],
          "passes": [
            "ddc07698-f059-4ae0-947a-884b1facd875",
            "ea698152-ca3b-425f-b0c8-79680cbfcb19"
          ],
          "failures": [],
          "pending": [],
          "skipped": [],
          "duration": 424,
          "root": false,
          "rootEmpty": false,
          "_timeout": 2000
        },
        {
          "uuid": "3ee5c666-b3cd-40fe-a9e4-e425b6a5e953",
          "title": "Acessar a área de login /Adota Pet",
          "fullFile": "",
          "file": "",
          "beforeHooks": [],
          "afterHooks": [],
          "tests": [
            {
              "title": "steps do teste",
              "fullTitle": "Acessar a área de login /Adota Pet steps do teste",
              "timedOut": null,
              "duration": 658,
              "state": "passed",
              "speed": "fast",
              "pass": true,
              "fail": false,
              "pending": false,
              "context": null,
              "code": "cy.visit('https://adopet-tau.vercel.app/');\ncy.contains('a', 'Fazer login').click();",
              "err": {},
              "uuid": "05ca45cd-7117-486f-aba3-019a18affae4",
              "parentUUID": "3ee5c666-b3cd-40fe-a9e4-e425b6a5e953",
              "isHook": false,
              "skipped": false
            }
          ],
          "suites": [],
          "passes": [
            "05ca45cd-7117-486f-aba3-019a18affae4"
          ],
          "failures": [],
          "pending": [],
          "skipped": [],
          "duration": 658,
          "root": false,
          "rootEmpty": false,
          "_timeout": 2000
        },
        {
          "uuid": "d3135be2-3d78-4cec-a32a-67108b0d6767",
          "title": "Acessar a área Falar com responsável",
          "fullFile": "",
          "file": "",
          "beforeHooks": [],
          "afterHooks": [],
          "tests": [
            {
              "title": "steps do teste",
              "fullTitle": "Acessar a área Falar com responsável steps do teste",
              "timedOut": null,
              "duration": 751,
              "state": "passed",
              "speed": "fast",
              "pass": true,
              "fail": false,
              "pending": false,
              "context": null,
              "code": "cy.visit('https://adopet-tau.vercel.app/');\ncy.visit('https://adopet-tau.vercel.app/home');\ncy.get(':nth-child(1) > .card__contact');",
              "err": {},
              "uuid": "c9c5c303-7696-4d59-9c75-4886b2d38b1f",
              "parentUUID": "d3135be2-3d78-4cec-a32a-67108b0d6767",
              "isHook": false,
              "skipped": false
            }
          ],
          "suites": [],
          "passes": [
            "c9c5c303-7696-4d59-9c75-4886b2d38b1f"
          ],
          "failures": [],
          "pending": [],
          "skipped": [],
          "duration": 751,
          "root": false,
          "rootEmpty": false,
          "_timeout": 2000
        }
      ],
      "passes": [],
      "failures": [],
      "pending": [],
      "skipped": [],
      "duration": 0,
      "root": true,
      "rootEmpty": true,
      "_timeout": 2000
    }
  ],
  "meta": {
    "mocha": {
      "version": "7.0.1"
    },
    "mochawesome": {
      "options": {
        "quiet": false,
        "reportFilename": "mochawesome",
        "saveHtml": true,
        "saveJson": true,
        "consoleReporter": "spec",
        "useInlineDiffs": false,
        "code": true
      },
      "version": "7.1.3"
    },
    "marge": {
      "options": {
        "reportDir": "cypress/results",
        "overwrite": "false",
        "html": "true",
        "json": "true",
        "timestamp": "mmddyyyy_HHMMss"
      },
      "version": "6.2.0"
    }
  }
}