{
  "stats": {
    "suites": 5,
    "tests": 6,
    "passes": 6,
    "pending": 0,
    "failures": 0,
    "start": "2025-01-27T20:13:41.286Z",
    "end": "2025-01-27T20:13:47.849Z",
    "duration": 6563,
    "testsRegistered": 6,
    "passPercent": 100,
    "pendingPercent": 0,
    "other": 0,
    "hasOther": false,
    "skipped": 0,
    "hasSkipped": false
  },
  "results": [
    {
      "uuid": "fddb97c4-45cb-44db-9595-78327852745f",
      "title": "",
      "fullFile": "cypress\\e2e\\Aula1.cy.js",
      "file": "cypress\\e2e\\Aula1.cy.js",
      "beforeHooks": [],
      "afterHooks": [],
      "tests": [],
      "suites": [
        {
          "uuid": "3abcfca2-0ebb-4ff7-bfa4-c52f43dd6734",
          "title": "Acesso á pagina inicial Adopet",
          "fullFile": "",
          "file": "",
          "beforeHooks": [],
          "afterHooks": [],
          "tests": [
            {
              "title": "steps do teste",
              "fullTitle": "Acesso á pagina inicial Adopet steps do teste",
              "timedOut": null,
              "duration": 836,
              "state": "passed",
              "speed": "fast",
              "pass": true,
              "fail": false,
              "pending": false,
              "context": null,
              "code": "cy.visit('https://adopet-tau.vercel.app/');",
              "err": {},
              "uuid": "dc48b0fd-f63a-44a2-af87-8c5e0e3437ff",
              "parentUUID": "3abcfca2-0ebb-4ff7-bfa4-c52f43dd6734",
              "isHook": false,
              "skipped": false
            }
          ],
          "suites": [],
          "passes": [
            "dc48b0fd-f63a-44a2-af87-8c5e0e3437ff"
          ],
          "failures": [],
          "pending": [],
          "skipped": [],
          "duration": 836,
          "root": false,
          "rootEmpty": false,
          "_timeout": 2000
        },
        {
          "uuid": "a62cc60b-b337-474e-a244-5b4c87dd494f",
          "title": "Visualizar pets disponíveis para adoção",
          "fullFile": "",
          "file": "",
          "beforeHooks": [],
          "afterHooks": [],
          "tests": [
            {
              "title": "steps do teste",
              "fullTitle": "Visualizar pets disponíveis para adoção steps do teste",
              "timedOut": null,
              "duration": 1182,
              "state": "passed",
              "speed": "fast",
              "pass": true,
              "fail": false,
              "pending": false,
              "context": null,
              "code": "cy.visit('https://adopet-tau.vercel.app/');\ncy.contains('a', 'Ver pets disponíveis para adoção').click();",
              "err": {},
              "uuid": "04bc2e6c-cb26-4d2a-81e7-9819d42cddf7",
              "parentUUID": "a62cc60b-b337-474e-a244-5b4c87dd494f",
              "isHook": false,
              "skipped": false
            }
          ],
          "suites": [],
          "passes": [
            "04bc2e6c-cb26-4d2a-81e7-9819d42cddf7"
          ],
          "failures": [],
          "pending": [],
          "skipped": [],
          "duration": 1182,
          "root": false,
          "rootEmpty": false,
          "_timeout": 2000
        },
        {
          "uuid": "b4e21aaa-5fa9-4256-901e-e003d1646213",
          "title": "Testar Header da página principal",
          "fullFile": "",
          "file": "",
          "beforeHooks": [],
          "afterHooks": [],
          "tests": [
            {
              "title": "Teste Home",
              "fullTitle": "Testar Header da página principal Teste Home",
              "timedOut": null,
              "duration": 652,
              "state": "passed",
              "speed": "fast",
              "pass": true,
              "fail": false,
              "pending": false,
              "context": null,
              "code": "cy.visit('https://adopet-tau.vercel.app/');\ncy.get('.header__home').click();",
              "err": {},
              "uuid": "00c767cc-acf9-4a07-9bd5-16ab1eee9806",
              "parentUUID": "b4e21aaa-5fa9-4256-901e-e003d1646213",
              "isHook": false,
              "skipped": false
            },
            {
              "title": "Teste Mensagem",
              "fullTitle": "Testar Header da página principal Teste Mensagem",
              "timedOut": null,
              "duration": 355,
              "state": "passed",
              "speed": "fast",
              "pass": true,
              "fail": false,
              "pending": false,
              "context": null,
              "code": "cy.visit('https://adopet-tau.vercel.app/');\ncy.get('.header__message').click();",
              "err": {},
              "uuid": "52c64b38-895a-4dfc-952b-eea75547a271",
              "parentUUID": "b4e21aaa-5fa9-4256-901e-e003d1646213",
              "isHook": false,
              "skipped": false
            }
          ],
          "suites": [],
          "passes": [
            "00c767cc-acf9-4a07-9bd5-16ab1eee9806",
            "52c64b38-895a-4dfc-952b-eea75547a271"
          ],
          "failures": [],
          "pending": [],
          "skipped": [],
          "duration": 1007,
          "root": false,
          "rootEmpty": false,
          "_timeout": 2000
        },
        {
          "uuid": "a5c9d090-30cc-4e9e-9f5d-7bf407660da7",
          "title": "Acessar a área de login /Adota Pet",
          "fullFile": "",
          "file": "",
          "beforeHooks": [],
          "afterHooks": [],
          "tests": [
            {
              "title": "steps do teste",
              "fullTitle": "Acessar a área de login /Adota Pet steps do teste",
              "timedOut": null,
              "duration": 479,
              "state": "passed",
              "speed": "fast",
              "pass": true,
              "fail": false,
              "pending": false,
              "context": null,
              "code": "cy.visit('https://adopet-tau.vercel.app/');\ncy.contains('a', 'Fazer login').click();",
              "err": {},
              "uuid": "f2a0fd5e-ef3d-4174-9583-82403668ea85",
              "parentUUID": "a5c9d090-30cc-4e9e-9f5d-7bf407660da7",
              "isHook": false,
              "skipped": false
            }
          ],
          "suites": [],
          "passes": [
            "f2a0fd5e-ef3d-4174-9583-82403668ea85"
          ],
          "failures": [],
          "pending": [],
          "skipped": [],
          "duration": 479,
          "root": false,
          "rootEmpty": false,
          "_timeout": 2000
        },
        {
          "uuid": "48ddce02-23ee-41a0-a292-7153832256eb",
          "title": "Acessar a área Falar com responsável",
          "fullFile": "",
          "file": "",
          "beforeHooks": [],
          "afterHooks": [],
          "tests": [
            {
              "title": "steps do teste",
              "fullTitle": "Acessar a área Falar com responsável steps do teste",
              "timedOut": null,
              "duration": 532,
              "state": "passed",
              "speed": "fast",
              "pass": true,
              "fail": false,
              "pending": false,
              "context": null,
              "code": "cy.visit('https://adopet-tau.vercel.app/');\ncy.visit('https://adopet-tau.vercel.app/home');\ncy.get(':nth-child(1) > .card__contact');",
              "err": {},
              "uuid": "f25f9b34-05d7-4255-981f-9536f8a2bdb0",
              "parentUUID": "48ddce02-23ee-41a0-a292-7153832256eb",
              "isHook": false,
              "skipped": false
            }
          ],
          "suites": [],
          "passes": [
            "f25f9b34-05d7-4255-981f-9536f8a2bdb0"
          ],
          "failures": [],
          "pending": [],
          "skipped": [],
          "duration": 532,
          "root": false,
          "rootEmpty": false,
          "_timeout": 2000
        }
      ],
      "passes": [],
      "failures": [],
      "pending": [],
      "skipped": [],
      "duration": 0,
      "root": true,
      "rootEmpty": true,
      "_timeout": 2000
    }
  ],
  "meta": {
    "mocha": {
      "version": "7.0.1"
    },
    "mochawesome": {
      "options": {
        "quiet": false,
        "reportFilename": "mochawesome",
        "saveHtml": true,
        "saveJson": true,
        "consoleReporter": "spec",
        "useInlineDiffs": false,
        "code": true
      },
      "version": "7.1.3"
    },
    "marge": {
      "options": {
        "reportDir": "cypress/results",
        "overwrite": "false",
        "html": "true",
        "json": "true",
        "timestamp": "mmddyyyy_HHMMss"
      },
      "version": "6.2.0"
    }
  }
}