{
  "stats": {
    "suites": 1,
    "tests": 2,
    "passes": 0,
    "pending": 0,
    "failures": 2,
    "start": "2025-01-28T13:06:52.865Z",
    "end": "2025-01-28T13:07:06.295Z",
    "duration": 13430,
    "testsRegistered": 2,
    "passPercent": 0,
    "pendingPercent": 0,
    "other": 0,
    "hasOther": false,
    "skipped": 0,
    "hasSkipped": false
  },
  "results": [
    {
      "uuid": "fb7ef793-3753-4b26-be87-a92e103517a6",
      "title": "",
      "fullFile": "cypress\\e2e\\Aula4.cy.js",
      "file": "cypress\\e2e\\Aula4.cy.js",
      "beforeHooks": [],
      "afterHooks": [],
      "tests": [],
      "suites": [
        {
          "uuid": "1b5a719a-0d4c-415c-bd1d-e63b1c1d7ba3",
          "title": "Login - Fluxos Válido",
          "fullFile": "",
          "file": "",
          "beforeHooks": [],
          "afterHooks": [],
          "tests": [
            {
              "title": "Validar mensagem de falha de login",
              "fullTitle": "Login - Fluxos Válido Validar mensagem de falha de login",
              "timedOut": null,
              "duration": 5202,
              "state": "failed",
              "speed": null,
              "pass": false,
              "fail": true,
              "pending": false,
              "context": null,
              "code": "cy.get('[data-test=\"submit-button\"]').click();\ncy.contains('É necessário informar um endereço de email').should('be.visible');\ncy.contains('Insira sua senha').should('be.visible');",
              "err": {
                "message": "AssertionError: Timed out retrying after 4000ms: Expected to find element: `[data-test=\"submit-button\"]`, but never found it.",
                "estack": "AssertionError: Timed out retrying after 4000ms: Expected to find element: `[data-test=\"submit-button\"]`, but never found it.\n    at Context.eval (webpack://curso4_cypress/./cypress/e2e/Aula4.cy.js:22:11)",
                "diff": null
              },
              "uuid": "e7b32cb4-e183-4b95-8c1f-c5fa5388c990",
              "parentUUID": "1b5a719a-0d4c-415c-bd1d-e63b1c1d7ba3",
              "isHook": false,
              "skipped": false
            },
            {
              "title": "Deve falhar mesmo que os campos sejam preenchidos corretamente",
              "fullTitle": "Login - Fluxos Válido Deve falhar mesmo que os campos sejam preenchidos corretamente",
              "timedOut": null,
              "duration": 6738,
              "state": "failed",
              "speed": null,
              "pass": false,
              "fail": true,
              "pending": false,
              "context": null,
              "code": "cy.get('#email').type('ana@email.com');\ncy.get('#pass').type('Senha123');\ncy.get('button').click();\ncy.wait('@stubPost');\ncy.contains('Falha no login. Consulte suas credenciais.').should('be.visible');",
              "err": {
                "message": "CypressError: Timed out retrying after 5000ms: `cy.wait()` timed out waiting `5000ms` for the 1st request to the route: `stubPost`. No request ever occurred.\n\nhttps://on.cypress.io/wait",
                "estack": "CypressError: Timed out retrying after 5000ms: `cy.wait()` timed out waiting `5000ms` for the 1st request to the route: `stubPost`. No request ever occurred.\n\nhttps://on.cypress.io/wait\n    at cypressErr (https://adopet-tau.vercel.app/__cypress/runner/cypress_runner.js:75257:18)\n    at Object.errByPath (https://adopet-tau.vercel.app/__cypress/runner/cypress_runner.js:75312:10)\n    at checkForXhr (https://adopet-tau.vercel.app/__cypress/runner/cypress_runner.js:135498:84)\n    at <unknown> (https://adopet-tau.vercel.app/__cypress/runner/cypress_runner.js:135524:28)\n    at tryCatcher (https://adopet-tau.vercel.app/__cypress/runner/cypress_runner.js:1807:23)\n    at Promise.attempt.Promise.try (https://adopet-tau.vercel.app/__cypress/runner/cypress_runner.js:4315:29)\n    at whenStable (https://adopet-tau.vercel.app/__cypress/runner/cypress_runner.js:143916:68)\n    at <unknown> (https://adopet-tau.vercel.app/__cypress/runner/cypress_runner.js:143857:14)\n    at tryCatcher (https://adopet-tau.vercel.app/__cypress/runner/cypress_runner.js:1807:23)\n    at Promise._settlePromiseFromHandler (https://adopet-tau.vercel.app/__cypress/runner/cypress_runner.js:1519:31)\n    at Promise._settlePromise (https://adopet-tau.vercel.app/__cypress/runner/cypress_runner.js:1576:18)\n    at Promise._settlePromise0 (https://adopet-tau.vercel.app/__cypress/runner/cypress_runner.js:1621:10)\n    at Promise._settlePromises (https://adopet-tau.vercel.app/__cypress/runner/cypress_runner.js:1701:18)\n    at Promise._fulfill (https://adopet-tau.vercel.app/__cypress/runner/cypress_runner.js:1645:18)\n    at <unknown> (https://adopet-tau.vercel.app/__cypress/runner/cypress_runner.js:5450:46)\nFrom Your Spec Code:\n    at Context.eval (webpack://curso4_cypress/./cypress/e2e/Aula4.cy.js:33:11)",
                "diff": null
              },
              "uuid": "2366efc7-daae-40e0-bde9-2beda759bae5",
              "parentUUID": "1b5a719a-0d4c-415c-bd1d-e63b1c1d7ba3",
              "isHook": false,
              "skipped": false
            }
          ],
          "suites": [],
          "passes": [],
          "failures": [
            "e7b32cb4-e183-4b95-8c1f-c5fa5388c990",
            "2366efc7-daae-40e0-bde9-2beda759bae5"
          ],
          "pending": [],
          "skipped": [],
          "duration": 11940,
          "root": false,
          "rootEmpty": false,
          "_timeout": 2000
        }
      ],
      "passes": [],
      "failures": [],
      "pending": [],
      "skipped": [],
      "duration": 0,
      "root": true,
      "rootEmpty": true,
      "_timeout": 2000
    }
  ],
  "meta": {
    "mocha": {
      "version": "7.0.1"
    },
    "mochawesome": {
      "options": {
        "quiet": false,
        "reportFilename": "mochawesome",
        "saveHtml": true,
        "saveJson": true,
        "consoleReporter": "spec",
        "useInlineDiffs": false,
        "code": true
      },
      "version": "7.1.3"
    },
    "marge": {
      "options": {
        "reportDir": "cypress/results",
        "overwrite": "false",
        "html": "true",
        "json": "true",
        "timestamp": "mmddyyyy_HHMMss"
      },
      "version": "6.2.0"
    }
  }
}